[ 2023-04-25 20:37:22,868 ] 73 root - INFO - Data transformation initiated
[ 2023-04-25 20:37:22,968 ] 77 root - INFO - Train Dataframe Head : 
       ID Delivery_person_ID  Delivery_person_Age  Delivery_person_Ratings  Restaurant_latitude  Restaurant_longitude  Delivery_location_latitude  Delivery_location_longitude  Order_Date Time_Orderd Time_Order_picked Weather_conditions Road_traffic_density  Vehicle_condition Type_of_order   Type_of_vehicle  multiple_deliveries Festival           City  Time_taken (min)
0  0x7a3e      MUMRES02DEL02                 37.0                      4.8            19.221315             72.862381                   19.271315                    72.912381  21-03-2022        0.75             18:10             Stormy               Medium                  2        Drinks        motorcycle                  1.0       No  Metropolitian                30
1  0x75df    COIMBRES01DEL02                 38.0                      4.6            11.016298             76.972076                   11.146298                    77.102076  25-03-2022       23:25             23:40             Stormy                  Low                  1        Buffet           scooter                  0.0       No          Urban                24
2  0x15d9     BANGRES02DEL03                 35.0                      4.6            12.970221             77.645396                   13.060221                    77.735396  02-04-2022       22:40             22:50             Stormy                  Low                  2         Snack  electric_scooter                  0.0       No          Urban                15
3  0x9fca     VADRES010DEL03                 36.0                      4.7            22.310329             73.169083                   22.340329                    73.199083  01-04-2022       19:50             20:05              Windy                  Jam                  0         Snack        motorcycle                  0.0       No  Metropolitian                45
4  0xcc9f      ALHRES12DEL02                 32.0                      4.7            25.443994             81.860187                   25.573994                    81.990187  12-02-2022       17:55             18:05              Windy               Medium                  1          Meal        motorcycle                  0.0       No  Metropolitian                25
[ 2023-04-25 20:37:22,971 ] 78 root - INFO - Test Dataframe Head  : 
       ID Delivery_person_ID  Delivery_person_Age  Delivery_person_Ratings  Restaurant_latitude  Restaurant_longitude  Delivery_location_latitude  Delivery_location_longitude  Order_Date Time_Orderd Time_Order_picked Weather_conditions Road_traffic_density  Vehicle_condition Type_of_order Type_of_vehicle  multiple_deliveries Festival           City  Time_taken (min)
0  0x5437      MYSRES16DEL02                 21.0                      4.8            12.316967             76.603067                   12.336967                    76.623067  24-03-2022       10:50             11:05                Fog                  Low                  0          Meal      motorcycle                  1.0       No  Metropolitian                15
1  0x4df9    COIMBRES15DEL03                 26.0                      4.7            11.006686             76.951736                   11.066686                    77.011736  05-03-2022       20:45             0.875             Cloudy                  Jam                  1        Drinks      motorcycle                  1.0       No  Metropolitian                29
2  0xa1e7      JAPRES11DEL02                 37.0                      4.6            26.902940             75.793007                   26.922940                    75.813007  03-03-2022       08:50             09:05             Cloudy                  Low                  0        Buffet      motorcycle                  1.0       No            NaN                26
3  0xb64a      JAPRES17DEL03                 24.0                      4.3            26.892312             75.806896                   26.952313                    75.866896  11-03-2022       23:20             23:30             Stormy                  Low                  0          Meal      motorcycle                  1.0       No  Metropolitian                21
4  0xca8b      GOARES06DEL01                 32.0                      4.4            15.561550             73.749092                   15.671550                    73.859092  12-02-2022       21:25             21:40              Windy                  Jam                  2          Meal         scooter                  0.0       No          Urban                40
[ 2023-04-25 20:37:22,971 ] 79 root - INFO - Data has been successfully read
[ 2023-04-25 20:37:23,129 ] 90 root - INFO - Column transformation has been successfully completed
[ 2023-04-25 20:37:23,129 ] 64 root - INFO - Pipeline completed
[ 2023-04-25 20:37:23,129 ] 93 root - INFO - Obtained preprocessor object
[ 2023-04-25 20:37:23,221 ] 109 root - INFO - Data transformation completed
[ 2023-04-25 20:37:23,222 ] 112 root - INFO - Preprocessor pickle file saved
[ 2023-04-25 20:37:23,225 ] 25 root - INFO - Train test split has been successfully completed
[ 2023-04-25 20:37:34,655 ] 41 root - INFO - Model creation completed
[ 2023-04-25 20:37:34,944 ] 50 root - INFO - Saved best model pickle file
